<?xml version="1.0" encoding="UTF-8"?>
<coverage generated="1664924193881" clover="3.2.0">
  <project timestamp="1664924193881" name="All files">
    <metrics statements="225" coveredstatements="192" conditionals="102" coveredconditionals="74" methods="44" coveredmethods="32" elements="371" coveredelements="298" complexity="0" loc="225" ncloc="225" packages="3" files="4" classes="4"/>
    <package name="src">
      <metrics statements="27" coveredstatements="16" conditionals="2" coveredconditionals="1" methods="14" coveredmethods="5"/>
      <file name="App.js" path="/Users/madelinechudy/Documents/GitHub/planarpuzzle/src/App.js">
        <metrics statements="27" coveredstatements="16" conditionals="2" coveredconditionals="1" methods="14" coveredmethods="5"/>
        <line num="11" count="1" type="stmt"/>
        <line num="16" count="4" type="stmt"/>
        <line num="18" count="4" type="stmt"/>
        <line num="19" count="4" type="stmt"/>
        <line num="21" count="4" type="stmt"/>
        <line num="22" count="4" type="stmt"/>
        <line num="25" count="4" type="stmt"/>
        <line num="30" count="1" type="stmt"/>
        <line num="31" count="1" type="stmt"/>
        <line num="34" count="4" type="stmt"/>
        <line num="35" count="1" type="stmt"/>
        <line num="36" count="1" type="stmt"/>
        <line num="39" count="4" type="stmt"/>
        <line num="40" count="0" type="stmt"/>
        <line num="41" count="0" type="stmt"/>
        <line num="44" count="4" type="stmt"/>
        <line num="45" count="0" type="stmt"/>
        <line num="46" count="0" type="stmt"/>
        <line num="49" count="4" type="stmt"/>
        <line num="61" count="0" type="stmt"/>
        <line num="62" count="0" type="stmt"/>
        <line num="63" count="0" type="stmt"/>
        <line num="64" count="0" type="stmt"/>
        <line num="65" count="1" type="stmt"/>
        <line num="66" count="0" type="stmt"/>
        <line num="67" count="0" type="stmt"/>
        <line num="68" count="0" type="stmt"/>
      </file>
    </package>
    <package name="src.controller">
      <metrics statements="17" coveredstatements="14" conditionals="6" coveredconditionals="3" methods="4" coveredmethods="3"/>
      <file name="controller.js" path="/Users/madelinechudy/Documents/GitHub/planarpuzzle/src/controller/controller.js">
        <metrics statements="17" coveredstatements="14" conditionals="6" coveredconditionals="3" methods="4" coveredmethods="3"/>
        <line num="5" count="1" type="stmt"/>
        <line num="8" count="1" type="stmt"/>
        <line num="9" count="1" type="stmt"/>
        <line num="10" count="1" type="stmt"/>
        <line num="13" count="1" type="stmt"/>
        <line num="14" count="1" type="cond" truecount="1" falsecount="1"/>
        <line num="15" count="1" type="stmt"/>
        <line num="19" count="1" type="stmt"/>
        <line num="20" count="1" type="stmt"/>
        <line num="24" count="2" type="stmt"/>
        <line num="25" count="2" type="cond" truecount="1" falsecount="1"/>
        <line num="27" count="2" type="stmt"/>
        <line num="28" count="2" type="cond" truecount="1" falsecount="1"/>
        <line num="29" count="0" type="stmt"/>
        <line num="31" count="2" type="stmt"/>
        <line num="35" count="0" type="stmt"/>
        <line num="36" count="0" type="stmt"/>
      </file>
    </package>
    <package name="src.model">
      <metrics statements="181" coveredstatements="162" conditionals="94" coveredconditionals="70" methods="26" coveredmethods="24"/>
      <file name="model.js" path="/Users/madelinechudy/Documents/GitHub/planarpuzzle/src/model/model.js">
        <metrics statements="178" coveredstatements="159" conditionals="94" coveredconditionals="70" methods="26" coveredmethods="24"/>
        <line num="3" count="152" type="stmt"/>
        <line num="4" count="152" type="stmt"/>
        <line num="5" count="152" type="stmt"/>
        <line num="6" count="152" type="stmt"/>
        <line num="7" count="152" type="stmt"/>
        <line num="8" count="152" type="stmt"/>
        <line num="13" count="88" type="stmt"/>
        <line num="14" count="88" type="stmt"/>
        <line num="18" count="2" type="stmt"/>
        <line num="22" count="4" type="stmt"/>
        <line num="28" count="11" type="stmt"/>
        <line num="29" count="11" type="stmt"/>
        <line num="30" count="11" type="stmt"/>
        <line num="34" count="64" type="stmt"/>
        <line num="38" count="3" type="stmt"/>
        <line num="42" count="0" type="stmt"/>
        <line num="47" count="16" type="stmt"/>
        <line num="48" count="16" type="cond" truecount="1" falsecount="1"/>
        <line num="49" count="0" type="stmt"/>
        <line num="51" count="16" type="stmt"/>
        <line num="56" count="14" type="stmt"/>
        <line num="57" count="14" type="stmt"/>
        <line num="58" count="14" type="stmt"/>
        <line num="59" count="14" type="stmt"/>
        <line num="60" count="14" type="stmt"/>
        <line num="62" count="14" type="stmt"/>
        <line num="63" count="112" type="stmt"/>
        <line num="64" count="112" type="cond" truecount="1" falsecount="1"/>
        <line num="65" count="112" type="cond" truecount="4" falsecount="0"/>
        <line num="66" count="12" type="stmt"/>
        <line num="67" count="12" type="stmt"/>
        <line num="69" count="100" type="cond" truecount="4" falsecount="0"/>
        <line num="70" count="6" type="stmt"/>
        <line num="71" count="6" type="stmt"/>
        <line num="73" count="94" type="cond" truecount="4" falsecount="0"/>
        <line num="74" count="2" type="stmt"/>
        <line num="75" count="2" type="stmt"/>
        <line num="77" count="92" type="cond" truecount="4" falsecount="0"/>
        <line num="78" count="12" type="stmt"/>
        <line num="79" count="12" type="stmt"/>
        <line num="82" count="14" type="stmt"/>
        <line num="86" count="8" type="stmt"/>
        <line num="87" count="8" type="stmt"/>
        <line num="88" count="8" type="stmt"/>
        <line num="90" count="8" type="cond" truecount="1" falsecount="1"/>
        <line num="93" count="8" type="stmt"/>
        <line num="94" count="8" type="cond" truecount="3" falsecount="1"/>
        <line num="95" count="8" type="stmt"/>
        <line num="96" count="8" type="cond" truecount="1" falsecount="1"/>
        <line num="97" count="0" type="stmt"/>
        <line num="100" count="8" type="cond" truecount="1" falsecount="1"/>
        <line num="101" count="8" type="stmt"/>
        <line num="105" count="8" type="stmt"/>
        <line num="106" count="8" type="cond" truecount="2" falsecount="2"/>
        <line num="107" count="0" type="stmt"/>
        <line num="108" count="0" type="cond" truecount="0" falsecount="2"/>
        <line num="109" count="0" type="stmt"/>
        <line num="112" count="8" type="cond" truecount="1" falsecount="1"/>
        <line num="113" count="0" type="stmt"/>
        <line num="117" count="8" type="stmt"/>
        <line num="118" count="8" type="cond" truecount="2" falsecount="2"/>
        <line num="119" count="0" type="stmt"/>
        <line num="120" count="0" type="cond" truecount="0" falsecount="2"/>
        <line num="121" count="0" type="stmt"/>
        <line num="124" count="8" type="cond" truecount="1" falsecount="1"/>
        <line num="125" count="0" type="stmt"/>
        <line num="129" count="8" type="stmt"/>
        <line num="130" count="8" type="cond" truecount="3" falsecount="1"/>
        <line num="131" count="8" type="stmt"/>
        <line num="132" count="8" type="cond" truecount="1" falsecount="1"/>
        <line num="133" count="0" type="stmt"/>
        <line num="136" count="8" type="cond" truecount="1" falsecount="1"/>
        <line num="137" count="8" type="stmt"/>
        <line num="140" count="8" type="stmt"/>
        <line num="144" count="18" type="stmt"/>
        <line num="145" count="18" type="stmt"/>
        <line num="146" count="18" type="stmt"/>
        <line num="147" count="144" type="stmt"/>
        <line num="148" count="144" type="cond" truecount="2" falsecount="0"/>
        <line num="149" count="42" type="stmt"/>
        <line num="152" count="18" type="stmt"/>
        <line num="157" count="12" type="stmt"/>
        <line num="158" count="12" type="stmt"/>
        <line num="159" count="12" type="stmt"/>
        <line num="160" count="28" type="stmt"/>
        <line num="161" count="28" type="cond" truecount="2" falsecount="0"/>
        <line num="162" count="8" type="stmt"/>
        <line num="165" count="12" type="stmt"/>
        <line num="171" count="2" type="stmt"/>
        <line num="172" count="16" type="stmt"/>
        <line num="173" count="16" type="stmt"/>
        <line num="174" count="16" type="stmt"/>
        <line num="176" count="16" type="cond" truecount="4" falsecount="0"/>
        <line num="177" count="2" type="stmt"/>
        <line num="178" count="2" type="stmt"/>
        <line num="181" count="2" type="cond" truecount="1" falsecount="1"/>
        <line num="182" count="2" type="stmt"/>
        <line num="187" count="3" type="stmt"/>
        <line num="188" count="3" type="stmt"/>
        <line num="189" count="3" type="stmt"/>
        <line num="190" count="24" type="stmt"/>
        <line num="191" count="24" type="stmt"/>
        <line num="192" count="24" type="cond" truecount="2" falsecount="0"/>
        <line num="193" count="3" type="stmt"/>
        <line num="196" count="3" type="stmt"/>
        <line num="204" count="8" type="stmt"/>
        <line num="205" count="8" type="stmt"/>
        <line num="209" count="8" type="stmt"/>
        <line num="210" count="8" type="stmt"/>
        <line num="212" count="8" type="stmt"/>
        <line num="213" count="8" type="stmt"/>
        <line num="214" count="32" type="stmt"/>
        <line num="216" count="8" type="stmt"/>
        <line num="217" count="0" type="stmt"/>
        <line num="221" count="8" type="stmt"/>
        <line num="222" count="8" type="stmt"/>
        <line num="224" count="16" type="stmt"/>
        <line num="225" count="16" type="stmt"/>
        <line num="227" count="64" type="stmt"/>
        <line num="229" count="64" type="stmt"/>
        <line num="230" count="256" type="stmt"/>
        <line num="231" count="256" type="cond" truecount="4" falsecount="0"/>
        <line num="232" count="32" type="stmt"/>
        <line num="233" count="32" type="stmt"/>
        <line num="236" count="64" type="cond" truecount="2" falsecount="0"/>
        <line num="237" count="32" type="stmt"/>
        <line num="239" count="64" type="stmt"/>
        <line num="241" count="16" type="stmt"/>
        <line num="245" count="8" type="stmt"/>
        <line num="246" count="8" type="stmt"/>
        <line num="247" count="8" type="stmt"/>
        <line num="249" count="8" type="stmt"/>
        <line num="254" count="24" type="cond" truecount="2" falsecount="0"/>
        <line num="255" count="16" type="cond" truecount="1" falsecount="1"/>
        <line num="256" count="16" type="cond" truecount="4" falsecount="0"/>
        <line num="257" count="12" type="cond" truecount="2" falsecount="0"/>
        <line num="259" count="8" type="stmt"/>
        <line num="260" count="8" type="stmt"/>
        <line num="264" count="2" type="stmt"/>
        <line num="265" count="2" type="stmt"/>
        <line num="266" count="2" type="stmt"/>
        <line num="267" count="2" type="stmt"/>
        <line num="268" count="10" type="stmt"/>
        <line num="269" count="10" type="cond" truecount="2" falsecount="0"/>
        <line num="270" count="2" type="stmt"/>
        <line num="272" count="8" type="cond" truecount="2" falsecount="0"/>
        <line num="273" count="6" type="stmt"/>
        <line num="274" count="6" type="stmt"/>
        <line num="275" count="14" type="stmt"/>
        <line num="276" count="6" type="stmt"/>
        <line num="278" count="6" type="stmt"/>
        <line num="279" count="14" type="stmt"/>
        <line num="280" count="14" type="cond" truecount="3" falsecount="1"/>
        <line num="281" count="0" type="stmt"/>
        <line num="282" count="0" type="stmt"/>
        <line num="285" count="6" type="stmt"/>
        <line num="288" count="0" type="cond" truecount="0" falsecount="2"/>
        <line num="289" count="0" type="stmt"/>
        <line num="290" count="0" type="stmt"/>
        <line num="295" count="0" type="stmt"/>
        <line num="299" count="4" type="stmt"/>
        <line num="303" count="12" type="stmt"/>
        <line num="304" count="12" type="cond" truecount="2" falsecount="0"/>
        <line num="305" count="4" type="stmt"/>
        <line num="307" count="12" type="stmt"/>
        <line num="311" count="3" type="stmt"/>
        <line num="312" count="3" type="stmt"/>
        <line num="313" count="3" type="stmt"/>
        <line num="314" count="3" type="stmt"/>
        <line num="315" count="3" type="stmt"/>
        <line num="316" count="3" type="stmt"/>
        <line num="323" count="5" type="stmt"/>
        <line num="324" count="5" type="stmt"/>
        <line num="328" count="1" type="stmt"/>
        <line num="329" count="1" type="stmt"/>
        <line num="330" count="1" type="stmt"/>
        <line num="331" count="1" type="stmt"/>
        <line num="332" count="1" type="stmt"/>
      </file>
      <file name="puzzle.js" path="/Users/madelinechudy/Documents/GitHub/planarpuzzle/src/model/puzzle.js">
        <metrics statements="3" coveredstatements="3" conditionals="0" coveredconditionals="0" methods="0" coveredmethods="0"/>
        <line num="2" count="1" type="stmt"/>
        <line num="14" count="1" type="stmt"/>
        <line num="28" count="1" type="stmt"/>
      </file>
    </package>
  </project>
</coverage>
