{"/Users/madelinechudy/Documents/GitHub/planarpuzzle/src/App.js": {"path":"/Users/madelinechudy/Documents/GitHub/planarpuzzle/src/App.js","statementMap":{"0":{"start":{"line":11,"column":19},"end":{"line":11,"column":62}},"1":{"start":{"line":16,"column":28},"end":{"line":16,"column":67}},"2":{"start":{"line":18,"column":17},"end":{"line":18,"column":35}},"3":{"start":{"line":19,"column":20},"end":{"line":19,"column":38}},"4":{"start":{"line":21,"column":2},"end":{"line":23,"column":13}},"5":{"start":{"line":22,"column":4},"end":{"line":22,"column":59}},"6":{"start":{"line":25,"column":22},"end":{"line":32,"column":3}},"7":{"start":{"line":30,"column":19},"end":{"line":30,"column":60}},"8":{"start":{"line":31,"column":4},"end":{"line":31,"column":23}},"9":{"start":{"line":34,"column":29},"end":{"line":37,"column":3}},"10":{"start":{"line":35,"column":19},"end":{"line":35,"column":48}},"11":{"start":{"line":36,"column":4},"end":{"line":36,"column":23}},"12":{"start":{"line":39,"column":23},"end":{"line":42,"column":3}},"13":{"start":{"line":40,"column":21},"end":{"line":40,"column":38}},"14":{"start":{"line":41,"column":4},"end":{"line":41,"column":25}},"15":{"start":{"line":44,"column":24},"end":{"line":47,"column":3}},"16":{"start":{"line":45,"column":4},"end":{"line":45,"column":54}},"17":{"start":{"line":46,"column":4},"end":{"line":46,"column":38}},"18":{"start":{"line":49,"column":2},"end":{"line":71,"column":4}},"19":{"start":{"line":61,"column":87},"end":{"line":61,"column":113}},"20":{"start":{"line":62,"column":81},"end":{"line":62,"column":103}},"21":{"start":{"line":63,"column":85},"end":{"line":63,"column":109}},"22":{"start":{"line":64,"column":87},"end":{"line":64,"column":112}},"23":{"start":{"line":65,"column":85},"end":{"line":65,"column":109}},"24":{"start":{"line":66,"column":85},"end":{"line":66,"column":115}},"25":{"start":{"line":67,"column":85},"end":{"line":67,"column":115}},"26":{"start":{"line":68,"column":85},"end":{"line":68,"column":115}}},"fnMap":{"0":{"name":"App","decl":{"start":{"line":13,"column":9},"end":{"line":13,"column":12}},"loc":{"start":{"line":13,"column":15},"end":{"line":72,"column":1}},"line":13},"1":{"name":"(anonymous_1)","decl":{"start":{"line":21,"column":18},"end":{"line":21,"column":19}},"loc":{"start":{"line":21,"column":24},"end":{"line":23,"column":3}},"line":21},"2":{"name":"(anonymous_2)","decl":{"start":{"line":25,"column":22},"end":{"line":25,"column":23}},"loc":{"start":{"line":25,"column":29},"end":{"line":32,"column":3}},"line":25},"3":{"name":"(anonymous_3)","decl":{"start":{"line":34,"column":29},"end":{"line":34,"column":30}},"loc":{"start":{"line":34,"column":44},"end":{"line":37,"column":3}},"line":34},"4":{"name":"(anonymous_4)","decl":{"start":{"line":39,"column":23},"end":{"line":39,"column":24}},"loc":{"start":{"line":39,"column":33},"end":{"line":42,"column":3}},"line":39},"5":{"name":"(anonymous_5)","decl":{"start":{"line":44,"column":24},"end":{"line":44,"column":25}},"loc":{"start":{"line":44,"column":36},"end":{"line":47,"column":3}},"line":44},"6":{"name":"(anonymous_6)","decl":{"start":{"line":61,"column":80},"end":{"line":61,"column":81}},"loc":{"start":{"line":61,"column":87},"end":{"line":61,"column":113}},"line":61},"7":{"name":"(anonymous_7)","decl":{"start":{"line":62,"column":74},"end":{"line":62,"column":75}},"loc":{"start":{"line":62,"column":81},"end":{"line":62,"column":103}},"line":62},"8":{"name":"(anonymous_8)","decl":{"start":{"line":63,"column":78},"end":{"line":63,"column":79}},"loc":{"start":{"line":63,"column":85},"end":{"line":63,"column":109}},"line":63},"9":{"name":"(anonymous_9)","decl":{"start":{"line":64,"column":80},"end":{"line":64,"column":81}},"loc":{"start":{"line":64,"column":87},"end":{"line":64,"column":112}},"line":64},"10":{"name":"(anonymous_10)","decl":{"start":{"line":65,"column":78},"end":{"line":65,"column":79}},"loc":{"start":{"line":65,"column":85},"end":{"line":65,"column":109}},"line":65},"11":{"name":"(anonymous_11)","decl":{"start":{"line":66,"column":78},"end":{"line":66,"column":79}},"loc":{"start":{"line":66,"column":85},"end":{"line":66,"column":115}},"line":66},"12":{"name":"(anonymous_12)","decl":{"start":{"line":67,"column":78},"end":{"line":67,"column":79}},"loc":{"start":{"line":67,"column":85},"end":{"line":67,"column":115}},"line":67},"13":{"name":"(anonymous_13)","decl":{"start":{"line":68,"column":78},"end":{"line":68,"column":79}},"loc":{"start":{"line":68,"column":85},"end":{"line":68,"column":115}},"line":68}},"branchMap":{"0":{"loc":{"start":{"line":59,"column":10},"end":{"line":59,"column":197}},"type":"cond-expr","locations":[{"start":{"line":59,"column":34},"end":{"line":59,"column":111}},{"start":{"line":59,"column":116},"end":{"line":59,"column":196}}],"line":59}},"s":{"0":1,"1":4,"2":4,"3":4,"4":4,"5":4,"6":4,"7":1,"8":1,"9":4,"10":1,"11":1,"12":4,"13":0,"14":0,"15":4,"16":0,"17":0,"18":4,"19":0,"20":0,"21":0,"22":0,"23":1,"24":0,"25":0,"26":0},"f":{"0":4,"1":4,"2":1,"3":1,"4":0,"5":0,"6":0,"7":0,"8":0,"9":0,"10":1,"11":0,"12":0,"13":0},"b":{"0":[0,4]},"_coverageSchema":"1a1c01bbd47fc00a2c39e90264f33305004495a9","hash":"6c45d713b5c0fff7a79a744fa7d981843e14731d"}
,"/Users/madelinechudy/Documents/GitHub/planarpuzzle/src/controller/controller.js": {"path":"/Users/madelinechudy/Documents/GitHub/planarpuzzle/src/controller/controller.js","statementMap":{"0":{"start":{"line":5,"column":23},"end":{"line":5,"column":53}},"1":{"start":{"line":8,"column":14},"end":{"line":11,"column":6}},"2":{"start":{"line":9,"column":19},"end":{"line":9,"column":40}},"3":{"start":{"line":10,"column":8},"end":{"line":10,"column":94}},"4":{"start":{"line":13,"column":19},"end":{"line":13,"column":23}},"5":{"start":{"line":14,"column":4},"end":{"line":16,"column":5}},"6":{"start":{"line":15,"column":8},"end":{"line":15,"column":44}},"7":{"start":{"line":19,"column":4},"end":{"line":19,"column":33}},"8":{"start":{"line":20,"column":4},"end":{"line":20,"column":24}},"9":{"start":{"line":24,"column":19},"end":{"line":24,"column":39}},"10":{"start":{"line":25,"column":4},"end":{"line":25,"column":36}},"11":{"start":{"line":25,"column":21},"end":{"line":25,"column":34}},"12":{"start":{"line":27,"column":4},"end":{"line":27,"column":34}},"13":{"start":{"line":28,"column":4},"end":{"line":30,"column":5}},"14":{"start":{"line":29,"column":8},"end":{"line":29,"column":27}},"15":{"start":{"line":31,"column":4},"end":{"line":31,"column":24}},"16":{"start":{"line":35,"column":21},"end":{"line":35,"column":36}},"17":{"start":{"line":36,"column":4},"end":{"line":36,"column":22}}},"fnMap":{"0":{"name":"selectSquare","decl":{"start":{"line":4,"column":16},"end":{"line":4,"column":28}},"loc":{"start":{"line":4,"column":51},"end":{"line":21,"column":1}},"line":4},"1":{"name":"(anonymous_1)","decl":{"start":{"line":8,"column":44},"end":{"line":8,"column":45}},"loc":{"start":{"line":8,"column":54},"end":{"line":11,"column":5}},"line":8},"2":{"name":"extendColor","decl":{"start":{"line":23,"column":16},"end":{"line":23,"column":27}},"loc":{"start":{"line":23,"column":46},"end":{"line":32,"column":1}},"line":23},"3":{"name":"handlereset","decl":{"start":{"line":34,"column":16},"end":{"line":34,"column":27}},"loc":{"start":{"line":34,"column":34},"end":{"line":37,"column":1}},"line":34}},"branchMap":{"0":{"loc":{"start":{"line":14,"column":4},"end":{"line":16,"column":5}},"type":"if","locations":[{"start":{"line":14,"column":4},"end":{"line":16,"column":5}},{"start":{},"end":{}}],"line":14},"1":{"loc":{"start":{"line":25,"column":4},"end":{"line":25,"column":36}},"type":"if","locations":[{"start":{"line":25,"column":4},"end":{"line":25,"column":36}},{"start":{},"end":{}}],"line":25},"2":{"loc":{"start":{"line":28,"column":4},"end":{"line":30,"column":5}},"type":"if","locations":[{"start":{"line":28,"column":4},"end":{"line":30,"column":5}},{"start":{},"end":{}}],"line":28}},"s":{"0":1,"1":1,"2":1,"3":1,"4":1,"5":1,"6":1,"7":1,"8":1,"9":2,"10":2,"11":0,"12":2,"13":2,"14":0,"15":2,"16":0,"17":0},"f":{"0":1,"1":1,"2":2,"3":0},"b":{"0":[1,0],"1":[0,2],"2":[0,2]},"_coverageSchema":"1a1c01bbd47fc00a2c39e90264f33305004495a9","hash":"75a98f745bdc002cf16d430aaac742e71c05a49c"}
,"/Users/madelinechudy/Documents/GitHub/planarpuzzle/src/model/model.js": {"path":"/Users/madelinechudy/Documents/GitHub/planarpuzzle/src/model/model.js","statementMap":{"0":{"start":{"line":3,"column":8},"end":{"line":3,"column":23}},"1":{"start":{"line":4,"column":8},"end":{"line":4,"column":29}},"2":{"start":{"line":5,"column":8},"end":{"line":5,"column":27}},"3":{"start":{"line":6,"column":8},"end":{"line":6,"column":31}},"4":{"start":{"line":7,"column":8},"end":{"line":7,"column":25}},"5":{"start":{"line":8,"column":8},"end":{"line":8,"column":33}},"6":{"start":{"line":13,"column":16},"end":{"line":13,"column":101}},"7":{"start":{"line":14,"column":8},"end":{"line":14,"column":17}},"8":{"start":{"line":18,"column":8},"end":{"line":18,"column":27}},"9":{"start":{"line":22,"column":8},"end":{"line":22,"column":30}},"10":{"start":{"line":28,"column":8},"end":{"line":28,"column":31}},"11":{"start":{"line":29,"column":8},"end":{"line":29,"column":37}},"12":{"start":{"line":30,"column":8},"end":{"line":30,"column":29}},"13":{"start":{"line":34,"column":8},"end":{"line":34,"column":50}},"14":{"start":{"line":34,"column":40},"end":{"line":34,"column":48}},"15":{"start":{"line":38,"column":8},"end":{"line":38,"column":31}},"16":{"start":{"line":42,"column":8},"end":{"line":42,"column":40}},"17":{"start":{"line":47,"column":24},"end":{"line":47,"column":29}},"18":{"start":{"line":48,"column":8},"end":{"line":50,"column":9}},"19":{"start":{"line":49,"column":12},"end":{"line":49,"column":29}},"20":{"start":{"line":51,"column":8},"end":{"line":51,"column":25}},"21":{"start":{"line":56,"column":24},"end":{"line":56,"column":48}},"22":{"start":{"line":57,"column":20},"end":{"line":57,"column":37}},"23":{"start":{"line":58,"column":19},"end":{"line":58,"column":36}},"24":{"start":{"line":59,"column":17},"end":{"line":59,"column":31}},"25":{"start":{"line":60,"column":19},"end":{"line":60,"column":33}},"26":{"start":{"line":62,"column":8},"end":{"line":81,"column":9}},"27":{"start":{"line":63,"column":20},"end":{"line":63,"column":37}},"28":{"start":{"line":64,"column":12},"end":{"line":64,"column":45}},"29":{"start":{"line":64,"column":34},"end":{"line":64,"column":43}},"30":{"start":{"line":65,"column":12},"end":{"line":68,"column":13}},"31":{"start":{"line":66,"column":16},"end":{"line":66,"column":33}},"32":{"start":{"line":67,"column":16},"end":{"line":67,"column":25}},"33":{"start":{"line":69,"column":12},"end":{"line":72,"column":13}},"34":{"start":{"line":70,"column":16},"end":{"line":70,"column":33}},"35":{"start":{"line":71,"column":16},"end":{"line":71,"column":25}},"36":{"start":{"line":73,"column":12},"end":{"line":76,"column":13}},"37":{"start":{"line":74,"column":16},"end":{"line":74,"column":33}},"38":{"start":{"line":75,"column":16},"end":{"line":75,"column":25}},"39":{"start":{"line":77,"column":12},"end":{"line":80,"column":13}},"40":{"start":{"line":78,"column":16},"end":{"line":78,"column":33}},"41":{"start":{"line":79,"column":16},"end":{"line":79,"column":25}},"42":{"start":{"line":82,"column":8},"end":{"line":82,"column":25}},"43":{"start":{"line":86,"column":16},"end":{"line":86,"column":29}},"44":{"start":{"line":87,"column":20},"end":{"line":87,"column":22}},"45":{"start":{"line":88,"column":24},"end":{"line":88,"column":41}},"46":{"start":{"line":90,"column":8},"end":{"line":90,"column":37}},"47":{"start":{"line":90,"column":25},"end":{"line":90,"column":35}},"48":{"start":{"line":93,"column":24},"end":{"line":93,"column":29}},"49":{"start":{"line":94,"column":8},"end":{"line":99,"column":9}},"50":{"start":{"line":95,"column":12},"end":{"line":95,"column":29}},"51":{"start":{"line":96,"column":12},"end":{"line":98,"column":13}},"52":{"start":{"line":97,"column":16},"end":{"line":97,"column":34}},"53":{"start":{"line":100,"column":8},"end":{"line":102,"column":9}},"54":{"start":{"line":101,"column":12},"end":{"line":101,"column":30}},"55":{"start":{"line":105,"column":8},"end":{"line":105,"column":26}},"56":{"start":{"line":106,"column":8},"end":{"line":111,"column":9}},"57":{"start":{"line":107,"column":12},"end":{"line":107,"column":29}},"58":{"start":{"line":108,"column":12},"end":{"line":110,"column":13}},"59":{"start":{"line":109,"column":16},"end":{"line":109,"column":34}},"60":{"start":{"line":112,"column":8},"end":{"line":114,"column":9}},"61":{"start":{"line":113,"column":12},"end":{"line":113,"column":29}},"62":{"start":{"line":117,"column":8},"end":{"line":117,"column":26}},"63":{"start":{"line":118,"column":8},"end":{"line":123,"column":9}},"64":{"start":{"line":119,"column":12},"end":{"line":119,"column":29}},"65":{"start":{"line":120,"column":12},"end":{"line":122,"column":13}},"66":{"start":{"line":121,"column":16},"end":{"line":121,"column":34}},"67":{"start":{"line":124,"column":8},"end":{"line":126,"column":9}},"68":{"start":{"line":125,"column":12},"end":{"line":125,"column":27}},"69":{"start":{"line":129,"column":8},"end":{"line":129,"column":26}},"70":{"start":{"line":130,"column":8},"end":{"line":135,"column":9}},"71":{"start":{"line":131,"column":12},"end":{"line":131,"column":29}},"72":{"start":{"line":132,"column":12},"end":{"line":134,"column":13}},"73":{"start":{"line":133,"column":16},"end":{"line":133,"column":34}},"74":{"start":{"line":136,"column":8},"end":{"line":138,"column":9}},"75":{"start":{"line":137,"column":12},"end":{"line":137,"column":29}},"76":{"start":{"line":140,"column":8},"end":{"line":140,"column":21}},"77":{"start":{"line":144,"column":25},"end":{"line":144,"column":30}},"78":{"start":{"line":145,"column":24},"end":{"line":145,"column":26}},"79":{"start":{"line":146,"column":8},"end":{"line":151,"column":9}},"80":{"start":{"line":147,"column":20},"end":{"line":147,"column":37}},"81":{"start":{"line":148,"column":12},"end":{"line":150,"column":13}},"82":{"start":{"line":149,"column":16},"end":{"line":149,"column":34}},"83":{"start":{"line":152,"column":8},"end":{"line":152,"column":25}},"84":{"start":{"line":157,"column":20},"end":{"line":157,"column":24}},"85":{"start":{"line":158,"column":24},"end":{"line":158,"column":59}},"86":{"start":{"line":159,"column":8},"end":{"line":164,"column":9}},"87":{"start":{"line":160,"column":20},"end":{"line":160,"column":34}},"88":{"start":{"line":161,"column":12},"end":{"line":163,"column":13}},"89":{"start":{"line":162,"column":16},"end":{"line":162,"column":30}},"90":{"start":{"line":165,"column":8},"end":{"line":165,"column":21}},"91":{"start":{"line":171,"column":8},"end":{"line":180,"column":9}},"92":{"start":{"line":172,"column":20},"end":{"line":172,"column":37}},"93":{"start":{"line":173,"column":25},"end":{"line":173,"column":61}},"94":{"start":{"line":174,"column":25},"end":{"line":174,"column":64}},"95":{"start":{"line":176,"column":12},"end":{"line":179,"column":13}},"96":{"start":{"line":177,"column":16},"end":{"line":177,"column":48}},"97":{"start":{"line":178,"column":16},"end":{"line":178,"column":56}},"98":{"start":{"line":181,"column":8},"end":{"line":183,"column":9}},"99":{"start":{"line":182,"column":12},"end":{"line":182,"column":43}},"100":{"start":{"line":187,"column":19},"end":{"line":187,"column":59}},"101":{"start":{"line":188,"column":8},"end":{"line":188,"column":26}},"102":{"start":{"line":189,"column":8},"end":{"line":195,"column":9}},"103":{"start":{"line":190,"column":22},"end":{"line":190,"column":30}},"104":{"start":{"line":191,"column":12},"end":{"line":191,"column":35}},"105":{"start":{"line":192,"column":12},"end":{"line":194,"column":13}},"106":{"start":{"line":193,"column":16},"end":{"line":193,"column":36}},"107":{"start":{"line":196,"column":8},"end":{"line":196,"column":20}},"108":{"start":{"line":204,"column":8},"end":{"line":204,"column":30}},"109":{"start":{"line":205,"column":8},"end":{"line":205,"column":25}},"110":{"start":{"line":209,"column":22},"end":{"line":209,"column":44}},"111":{"start":{"line":210,"column":25},"end":{"line":210,"column":50}},"112":{"start":{"line":212,"column":25},"end":{"line":212,"column":27}},"113":{"start":{"line":213,"column":8},"end":{"line":215,"column":9}},"114":{"start":{"line":214,"column":12},"end":{"line":214,"column":102}},"115":{"start":{"line":216,"column":8},"end":{"line":218,"column":9}},"116":{"start":{"line":217,"column":12},"end":{"line":217,"column":105}},"117":{"start":{"line":221,"column":26},"end":{"line":221,"column":27}},"118":{"start":{"line":222,"column":8},"end":{"line":242,"column":9}},"119":{"start":{"line":224,"column":33},"end":{"line":224,"column":34}},"120":{"start":{"line":225,"column":12},"end":{"line":240,"column":13}},"121":{"start":{"line":227,"column":34},"end":{"line":227,"column":39}},"122":{"start":{"line":229,"column":16},"end":{"line":235,"column":17}},"123":{"start":{"line":230,"column":30},"end":{"line":230,"column":45}},"124":{"start":{"line":231,"column":20},"end":{"line":234,"column":21}},"125":{"start":{"line":232,"column":24},"end":{"line":232,"column":43}},"126":{"start":{"line":233,"column":24},"end":{"line":233,"column":30}},"127":{"start":{"line":236,"column":16},"end":{"line":238,"column":17}},"128":{"start":{"line":237,"column":20},"end":{"line":237,"column":106}},"129":{"start":{"line":239,"column":16},"end":{"line":239,"column":52}},"130":{"start":{"line":241,"column":12},"end":{"line":241,"column":42}},"131":{"start":{"line":245,"column":8},"end":{"line":245,"column":52}},"132":{"start":{"line":246,"column":8},"end":{"line":246,"column":42}},"133":{"start":{"line":247,"column":8},"end":{"line":247,"column":29}},"134":{"start":{"line":249,"column":8},"end":{"line":249,"column":32}},"135":{"start":{"line":254,"column":8},"end":{"line":254,"column":51}},"136":{"start":{"line":254,"column":36},"end":{"line":254,"column":49}},"137":{"start":{"line":255,"column":8},"end":{"line":255,"column":50}},"138":{"start":{"line":255,"column":35},"end":{"line":255,"column":48}},"139":{"start":{"line":256,"column":8},"end":{"line":256,"column":106}},"140":{"start":{"line":256,"column":92},"end":{"line":256,"column":105}},"141":{"start":{"line":257,"column":8},"end":{"line":257,"column":58}},"142":{"start":{"line":257,"column":43},"end":{"line":257,"column":56}},"143":{"start":{"line":259,"column":23},"end":{"line":259,"column":50}},"144":{"start":{"line":260,"column":8},"end":{"line":260,"column":44}},"145":{"start":{"line":264,"column":22},"end":{"line":264,"column":27}},"146":{"start":{"line":265,"column":20},"end":{"line":265,"column":22}},"147":{"start":{"line":266,"column":16},"end":{"line":266,"column":17}},"148":{"start":{"line":267,"column":8},"end":{"line":287,"column":9}},"149":{"start":{"line":268,"column":20},"end":{"line":268,"column":43}},"150":{"start":{"line":269,"column":12},"end":{"line":271,"column":13}},"151":{"start":{"line":270,"column":16},"end":{"line":270,"column":29}},"152":{"start":{"line":272,"column":12},"end":{"line":286,"column":13}},"153":{"start":{"line":273,"column":32},"end":{"line":273,"column":55}},"154":{"start":{"line":274,"column":32},"end":{"line":274,"column":61}},"155":{"start":{"line":275,"column":24},"end":{"line":275,"column":53}},"156":{"start":{"line":275,"column":43},"end":{"line":275,"column":52}},"157":{"start":{"line":276,"column":30},"end":{"line":276,"column":53}},"158":{"start":{"line":278,"column":16},"end":{"line":284,"column":17}},"159":{"start":{"line":279,"column":28},"end":{"line":279,"column":44}},"160":{"start":{"line":280,"column":20},"end":{"line":283,"column":21}},"161":{"start":{"line":281,"column":24},"end":{"line":281,"column":41}},"162":{"start":{"line":282,"column":24},"end":{"line":282,"column":30}},"163":{"start":{"line":285,"column":16},"end":{"line":285,"column":26}},"164":{"start":{"line":288,"column":8},"end":{"line":291,"column":9}},"165":{"start":{"line":289,"column":12},"end":{"line":289,"column":27}},"166":{"start":{"line":290,"column":12},"end":{"line":290,"column":27}},"167":{"start":{"line":295,"column":8},"end":{"line":295,"column":28}},"168":{"start":{"line":299,"column":8},"end":{"line":299,"column":28}},"169":{"start":{"line":303,"column":24},"end":{"line":303,"column":28}},"170":{"start":{"line":304,"column":8},"end":{"line":306,"column":9}},"171":{"start":{"line":305,"column":12},"end":{"line":305,"column":30}},"172":{"start":{"line":307,"column":8},"end":{"line":307,"column":25}},"173":{"start":{"line":311,"column":16},"end":{"line":311,"column":36}},"174":{"start":{"line":312,"column":8},"end":{"line":312,"column":37}},"175":{"start":{"line":313,"column":8},"end":{"line":313,"column":35}},"176":{"start":{"line":314,"column":8},"end":{"line":314,"column":39}},"177":{"start":{"line":315,"column":8},"end":{"line":315,"column":33}},"178":{"start":{"line":316,"column":8},"end":{"line":316,"column":17}},"179":{"start":{"line":323,"column":8},"end":{"line":323,"column":29}},"180":{"start":{"line":324,"column":8},"end":{"line":324,"column":29}},"181":{"start":{"line":328,"column":20},"end":{"line":328,"column":43}},"182":{"start":{"line":329,"column":18},"end":{"line":329,"column":42}},"183":{"start":{"line":330,"column":20},"end":{"line":330,"column":44}},"184":{"start":{"line":331,"column":21},"end":{"line":331,"column":44}},"185":{"start":{"line":332,"column":22},"end":{"line":332,"column":45}}},"fnMap":{"0":{"name":"(anonymous_0)","decl":{"start":{"line":2,"column":4},"end":{"line":2,"column":5}},"loc":{"start":{"line":2,"column":61},"end":{"line":9,"column":5}},"line":2},"1":{"name":"(anonymous_1)","decl":{"start":{"line":12,"column":4},"end":{"line":12,"column":5}},"loc":{"start":{"line":12,"column":11},"end":{"line":15,"column":5}},"line":12},"2":{"name":"(anonymous_2)","decl":{"start":{"line":17,"column":4},"end":{"line":17,"column":5}},"loc":{"start":{"line":17,"column":20},"end":{"line":19,"column":5}},"line":17},"3":{"name":"(anonymous_3)","decl":{"start":{"line":21,"column":4},"end":{"line":21,"column":5}},"loc":{"start":{"line":21,"column":23},"end":{"line":23,"column":5}},"line":21},"4":{"name":"(anonymous_4)","decl":{"start":{"line":27,"column":4},"end":{"line":27,"column":5}},"loc":{"start":{"line":27,"column":37},"end":{"line":31,"column":5}},"line":27},"5":{"name":"(anonymous_5)","decl":{"start":{"line":33,"column":4},"end":{"line":33,"column":5}},"loc":{"start":{"line":33,"column":24},"end":{"line":35,"column":5}},"line":33},"6":{"name":"(anonymous_6)","decl":{"start":{"line":34,"column":35},"end":{"line":34,"column":36}},"loc":{"start":{"line":34,"column":40},"end":{"line":34,"column":48}},"line":34},"7":{"name":"(anonymous_7)","decl":{"start":{"line":37,"column":4},"end":{"line":37,"column":5}},"loc":{"start":{"line":37,"column":19},"end":{"line":39,"column":5}},"line":37},"8":{"name":"(anonymous_8)","decl":{"start":{"line":41,"column":4},"end":{"line":41,"column":5}},"loc":{"start":{"line":41,"column":23},"end":{"line":43,"column":5}},"line":41},"9":{"name":"(anonymous_9)","decl":{"start":{"line":46,"column":4},"end":{"line":46,"column":5}},"loc":{"start":{"line":46,"column":22},"end":{"line":52,"column":5}},"line":46},"10":{"name":"(anonymous_10)","decl":{"start":{"line":54,"column":4},"end":{"line":54,"column":5}},"loc":{"start":{"line":54,"column":22},"end":{"line":83,"column":5}},"line":54},"11":{"name":"(anonymous_11)","decl":{"start":{"line":85,"column":4},"end":{"line":85,"column":5}},"loc":{"start":{"line":85,"column":21},"end":{"line":141,"column":5}},"line":85},"12":{"name":"(anonymous_12)","decl":{"start":{"line":143,"column":4},"end":{"line":143,"column":5}},"loc":{"start":{"line":143,"column":21},"end":{"line":153,"column":5}},"line":143},"13":{"name":"(anonymous_13)","decl":{"start":{"line":156,"column":4},"end":{"line":156,"column":5}},"loc":{"start":{"line":156,"column":12},"end":{"line":166,"column":5}},"line":156},"14":{"name":"(anonymous_14)","decl":{"start":{"line":169,"column":4},"end":{"line":169,"column":5}},"loc":{"start":{"line":169,"column":22},"end":{"line":184,"column":5}},"line":169},"15":{"name":"(anonymous_15)","decl":{"start":{"line":186,"column":4},"end":{"line":186,"column":5}},"loc":{"start":{"line":186,"column":12},"end":{"line":197,"column":5}},"line":186},"16":{"name":"(anonymous_16)","decl":{"start":{"line":203,"column":4},"end":{"line":203,"column":5}},"loc":{"start":{"line":203,"column":22},"end":{"line":206,"column":5}},"line":203},"17":{"name":"(anonymous_17)","decl":{"start":{"line":208,"column":4},"end":{"line":208,"column":5}},"loc":{"start":{"line":208,"column":21},"end":{"line":250,"column":5}},"line":208},"18":{"name":"(anonymous_18)","decl":{"start":{"line":252,"column":4},"end":{"line":252,"column":5}},"loc":{"start":{"line":252,"column":25},"end":{"line":261,"column":5}},"line":252},"19":{"name":"(anonymous_19)","decl":{"start":{"line":263,"column":4},"end":{"line":263,"column":5}},"loc":{"start":{"line":263,"column":10},"end":{"line":292,"column":5}},"line":263},"20":{"name":"(anonymous_20)","decl":{"start":{"line":275,"column":38},"end":{"line":275,"column":39}},"loc":{"start":{"line":275,"column":43},"end":{"line":275,"column":52}},"line":275},"21":{"name":"(anonymous_21)","decl":{"start":{"line":294,"column":4},"end":{"line":294,"column":5}},"loc":{"start":{"line":294,"column":17},"end":{"line":296,"column":5}},"line":294},"22":{"name":"(anonymous_22)","decl":{"start":{"line":298,"column":4},"end":{"line":298,"column":5}},"loc":{"start":{"line":298,"column":19},"end":{"line":300,"column":5}},"line":298},"23":{"name":"(anonymous_23)","decl":{"start":{"line":302,"column":4},"end":{"line":302,"column":5}},"loc":{"start":{"line":302,"column":34},"end":{"line":308,"column":5}},"line":302},"24":{"name":"(anonymous_24)","decl":{"start":{"line":310,"column":4},"end":{"line":310,"column":5}},"loc":{"start":{"line":310,"column":11},"end":{"line":317,"column":5}},"line":310},"25":{"name":"(anonymous_25)","decl":{"start":{"line":322,"column":4},"end":{"line":322,"column":5}},"loc":{"start":{"line":322,"column":32},"end":{"line":325,"column":5}},"line":322}},"branchMap":{"0":{"loc":{"start":{"line":48,"column":8},"end":{"line":50,"column":9}},"type":"if","locations":[{"start":{"line":48,"column":8},"end":{"line":50,"column":9}},{"start":{},"end":{}}],"line":48},"1":{"loc":{"start":{"line":64,"column":12},"end":{"line":64,"column":45}},"type":"if","locations":[{"start":{"line":64,"column":12},"end":{"line":64,"column":45}},{"start":{},"end":{}}],"line":64},"2":{"loc":{"start":{"line":65,"column":12},"end":{"line":68,"column":13}},"type":"if","locations":[{"start":{"line":65,"column":12},"end":{"line":68,"column":13}},{"start":{},"end":{}}],"line":65},"3":{"loc":{"start":{"line":65,"column":16},"end":{"line":65,"column":56}},"type":"binary-expr","locations":[{"start":{"line":65,"column":16},"end":{"line":65,"column":33}},{"start":{"line":65,"column":37},"end":{"line":65,"column":56}}],"line":65},"4":{"loc":{"start":{"line":69,"column":12},"end":{"line":72,"column":13}},"type":"if","locations":[{"start":{"line":69,"column":12},"end":{"line":72,"column":13}},{"start":{},"end":{}}],"line":69},"5":{"loc":{"start":{"line":69,"column":16},"end":{"line":69,"column":55}},"type":"binary-expr","locations":[{"start":{"line":69,"column":16},"end":{"line":69,"column":32}},{"start":{"line":69,"column":36},"end":{"line":69,"column":55}}],"line":69},"6":{"loc":{"start":{"line":73,"column":12},"end":{"line":76,"column":13}},"type":"if","locations":[{"start":{"line":73,"column":12},"end":{"line":76,"column":13}},{"start":{},"end":{}}],"line":73},"7":{"loc":{"start":{"line":73,"column":16},"end":{"line":73,"column":56}},"type":"binary-expr","locations":[{"start":{"line":73,"column":16},"end":{"line":73,"column":27}},{"start":{"line":73,"column":31},"end":{"line":73,"column":56}}],"line":73},"8":{"loc":{"start":{"line":77,"column":12},"end":{"line":80,"column":13}},"type":"if","locations":[{"start":{"line":77,"column":12},"end":{"line":80,"column":13}},{"start":{},"end":{}}],"line":77},"9":{"loc":{"start":{"line":77,"column":16},"end":{"line":77,"column":58}},"type":"binary-expr","locations":[{"start":{"line":77,"column":16},"end":{"line":77,"column":29}},{"start":{"line":77,"column":33},"end":{"line":77,"column":58}}],"line":77},"10":{"loc":{"start":{"line":90,"column":8},"end":{"line":90,"column":37}},"type":"if","locations":[{"start":{"line":90,"column":8},"end":{"line":90,"column":37}},{"start":{},"end":{}}],"line":90},"11":{"loc":{"start":{"line":94,"column":8},"end":{"line":99,"column":9}},"type":"if","locations":[{"start":{"line":94,"column":8},"end":{"line":99,"column":9}},{"start":{},"end":{}}],"line":94},"12":{"loc":{"start":{"line":94,"column":12},"end":{"line":94,"column":66}},"type":"binary-expr","locations":[{"start":{"line":94,"column":12},"end":{"line":94,"column":42}},{"start":{"line":94,"column":46},"end":{"line":94,"column":66}}],"line":94},"13":{"loc":{"start":{"line":96,"column":12},"end":{"line":98,"column":13}},"type":"if","locations":[{"start":{"line":96,"column":12},"end":{"line":98,"column":13}},{"start":{},"end":{}}],"line":96},"14":{"loc":{"start":{"line":100,"column":8},"end":{"line":102,"column":9}},"type":"if","locations":[{"start":{"line":100,"column":8},"end":{"line":102,"column":9}},{"start":{},"end":{}}],"line":100},"15":{"loc":{"start":{"line":106,"column":8},"end":{"line":111,"column":9}},"type":"if","locations":[{"start":{"line":106,"column":8},"end":{"line":111,"column":9}},{"start":{},"end":{}}],"line":106},"16":{"loc":{"start":{"line":106,"column":12},"end":{"line":106,"column":48}},"type":"binary-expr","locations":[{"start":{"line":106,"column":12},"end":{"line":106,"column":24}},{"start":{"line":106,"column":28},"end":{"line":106,"column":48}}],"line":106},"17":{"loc":{"start":{"line":108,"column":12},"end":{"line":110,"column":13}},"type":"if","locations":[{"start":{"line":108,"column":12},"end":{"line":110,"column":13}},{"start":{},"end":{}}],"line":108},"18":{"loc":{"start":{"line":112,"column":8},"end":{"line":114,"column":9}},"type":"if","locations":[{"start":{"line":112,"column":8},"end":{"line":114,"column":9}},{"start":{},"end":{}}],"line":112},"19":{"loc":{"start":{"line":118,"column":8},"end":{"line":123,"column":9}},"type":"if","locations":[{"start":{"line":118,"column":8},"end":{"line":123,"column":9}},{"start":{},"end":{}}],"line":118},"20":{"loc":{"start":{"line":118,"column":12},"end":{"line":118,"column":45}},"type":"binary-expr","locations":[{"start":{"line":118,"column":12},"end":{"line":118,"column":21}},{"start":{"line":118,"column":25},"end":{"line":118,"column":45}}],"line":118},"21":{"loc":{"start":{"line":120,"column":12},"end":{"line":122,"column":13}},"type":"if","locations":[{"start":{"line":120,"column":12},"end":{"line":122,"column":13}},{"start":{},"end":{}}],"line":120},"22":{"loc":{"start":{"line":124,"column":8},"end":{"line":126,"column":9}},"type":"if","locations":[{"start":{"line":124,"column":8},"end":{"line":126,"column":9}},{"start":{},"end":{}}],"line":124},"23":{"loc":{"start":{"line":130,"column":8},"end":{"line":135,"column":9}},"type":"if","locations":[{"start":{"line":130,"column":8},"end":{"line":135,"column":9}},{"start":{},"end":{}}],"line":130},"24":{"loc":{"start":{"line":130,"column":12},"end":{"line":130,"column":60}},"type":"binary-expr","locations":[{"start":{"line":130,"column":12},"end":{"line":130,"column":36}},{"start":{"line":130,"column":40},"end":{"line":130,"column":60}}],"line":130},"25":{"loc":{"start":{"line":132,"column":12},"end":{"line":134,"column":13}},"type":"if","locations":[{"start":{"line":132,"column":12},"end":{"line":134,"column":13}},{"start":{},"end":{}}],"line":132},"26":{"loc":{"start":{"line":136,"column":8},"end":{"line":138,"column":9}},"type":"if","locations":[{"start":{"line":136,"column":8},"end":{"line":138,"column":9}},{"start":{},"end":{}}],"line":136},"27":{"loc":{"start":{"line":148,"column":12},"end":{"line":150,"column":13}},"type":"if","locations":[{"start":{"line":148,"column":12},"end":{"line":150,"column":13}},{"start":{},"end":{}}],"line":148},"28":{"loc":{"start":{"line":161,"column":12},"end":{"line":163,"column":13}},"type":"if","locations":[{"start":{"line":161,"column":12},"end":{"line":163,"column":13}},{"start":{},"end":{}}],"line":161},"29":{"loc":{"start":{"line":176,"column":12},"end":{"line":179,"column":13}},"type":"if","locations":[{"start":{"line":176,"column":12},"end":{"line":179,"column":13}},{"start":{},"end":{}}],"line":176},"30":{"loc":{"start":{"line":176,"column":16},"end":{"line":176,"column":53}},"type":"binary-expr","locations":[{"start":{"line":176,"column":16},"end":{"line":176,"column":31}},{"start":{"line":176,"column":35},"end":{"line":176,"column":53}}],"line":176},"31":{"loc":{"start":{"line":181,"column":8},"end":{"line":183,"column":9}},"type":"if","locations":[{"start":{"line":181,"column":8},"end":{"line":183,"column":9}},{"start":{},"end":{}}],"line":181},"32":{"loc":{"start":{"line":192,"column":12},"end":{"line":194,"column":13}},"type":"if","locations":[{"start":{"line":192,"column":12},"end":{"line":194,"column":13}},{"start":{},"end":{}}],"line":192},"33":{"loc":{"start":{"line":231,"column":20},"end":{"line":234,"column":21}},"type":"if","locations":[{"start":{"line":231,"column":20},"end":{"line":234,"column":21}},{"start":{},"end":{}}],"line":231},"34":{"loc":{"start":{"line":231,"column":23},"end":{"line":231,"column":77}},"type":"binary-expr","locations":[{"start":{"line":231,"column":23},"end":{"line":231,"column":45}},{"start":{"line":231,"column":49},"end":{"line":231,"column":77}}],"line":231},"35":{"loc":{"start":{"line":236,"column":16},"end":{"line":238,"column":17}},"type":"if","locations":[{"start":{"line":236,"column":16},"end":{"line":238,"column":17}},{"start":{},"end":{}}],"line":236},"36":{"loc":{"start":{"line":254,"column":8},"end":{"line":254,"column":51}},"type":"if","locations":[{"start":{"line":254,"column":8},"end":{"line":254,"column":51}},{"start":{},"end":{}}],"line":254},"37":{"loc":{"start":{"line":255,"column":8},"end":{"line":255,"column":50}},"type":"if","locations":[{"start":{"line":255,"column":8},"end":{"line":255,"column":50}},{"start":{},"end":{}}],"line":255},"38":{"loc":{"start":{"line":256,"column":8},"end":{"line":256,"column":106}},"type":"if","locations":[{"start":{"line":256,"column":8},"end":{"line":256,"column":106}},{"start":{},"end":{}}],"line":256},"39":{"loc":{"start":{"line":256,"column":12},"end":{"line":256,"column":88}},"type":"binary-expr","locations":[{"start":{"line":256,"column":12},"end":{"line":256,"column":48}},{"start":{"line":256,"column":52},"end":{"line":256,"column":88}}],"line":256},"40":{"loc":{"start":{"line":257,"column":8},"end":{"line":257,"column":58}},"type":"if","locations":[{"start":{"line":257,"column":8},"end":{"line":257,"column":58}},{"start":{},"end":{}}],"line":257},"41":{"loc":{"start":{"line":269,"column":12},"end":{"line":271,"column":13}},"type":"if","locations":[{"start":{"line":269,"column":12},"end":{"line":271,"column":13}},{"start":{},"end":{}}],"line":269},"42":{"loc":{"start":{"line":272,"column":12},"end":{"line":286,"column":13}},"type":"if","locations":[{"start":{"line":272,"column":12},"end":{"line":286,"column":13}},{"start":{},"end":{}}],"line":272},"43":{"loc":{"start":{"line":280,"column":20},"end":{"line":283,"column":21}},"type":"if","locations":[{"start":{"line":280,"column":20},"end":{"line":283,"column":21}},{"start":{},"end":{}}],"line":280},"44":{"loc":{"start":{"line":280,"column":24},"end":{"line":280,"column":73}},"type":"binary-expr","locations":[{"start":{"line":280,"column":24},"end":{"line":280,"column":44}},{"start":{"line":280,"column":48},"end":{"line":280,"column":73}}],"line":280},"45":{"loc":{"start":{"line":288,"column":8},"end":{"line":291,"column":9}},"type":"if","locations":[{"start":{"line":288,"column":8},"end":{"line":291,"column":9}},{"start":{},"end":{}}],"line":288},"46":{"loc":{"start":{"line":304,"column":8},"end":{"line":306,"column":9}},"type":"if","locations":[{"start":{"line":304,"column":8},"end":{"line":306,"column":9}},{"start":{},"end":{}}],"line":304}},"s":{"0":152,"1":152,"2":152,"3":152,"4":152,"5":152,"6":88,"7":88,"8":2,"9":4,"10":11,"11":11,"12":11,"13":8,"14":64,"15":3,"16":0,"17":16,"18":16,"19":0,"20":16,"21":14,"22":14,"23":14,"24":14,"25":14,"26":14,"27":112,"28":112,"29":0,"30":112,"31":12,"32":12,"33":100,"34":6,"35":6,"36":94,"37":2,"38":2,"39":92,"40":12,"41":12,"42":14,"43":8,"44":8,"45":8,"46":8,"47":0,"48":8,"49":8,"50":8,"51":8,"52":0,"53":8,"54":8,"55":8,"56":8,"57":0,"58":0,"59":0,"60":8,"61":0,"62":8,"63":8,"64":0,"65":0,"66":0,"67":8,"68":0,"69":8,"70":8,"71":8,"72":8,"73":0,"74":8,"75":8,"76":8,"77":18,"78":18,"79":18,"80":144,"81":144,"82":42,"83":18,"84":12,"85":12,"86":12,"87":28,"88":28,"89":8,"90":12,"91":2,"92":16,"93":16,"94":16,"95":16,"96":2,"97":2,"98":2,"99":2,"100":3,"101":3,"102":3,"103":24,"104":24,"105":24,"106":3,"107":3,"108":8,"109":8,"110":8,"111":8,"112":8,"113":8,"114":32,"115":8,"116":0,"117":8,"118":8,"119":16,"120":16,"121":64,"122":64,"123":256,"124":256,"125":32,"126":32,"127":64,"128":32,"129":64,"130":16,"131":8,"132":8,"133":8,"134":8,"135":24,"136":8,"137":16,"138":0,"139":16,"140":4,"141":12,"142":4,"143":8,"144":8,"145":2,"146":2,"147":2,"148":2,"149":10,"150":10,"151":2,"152":8,"153":6,"154":6,"155":6,"156":14,"157":6,"158":6,"159":14,"160":14,"161":0,"162":0,"163":6,"164":0,"165":0,"166":0,"167":0,"168":4,"169":12,"170":12,"171":4,"172":12,"173":3,"174":3,"175":3,"176":3,"177":3,"178":3,"179":5,"180":5,"181":1,"182":1,"183":1,"184":1,"185":1},"f":{"0":152,"1":88,"2":2,"3":4,"4":11,"5":8,"6":64,"7":3,"8":0,"9":16,"10":14,"11":8,"12":18,"13":12,"14":2,"15":3,"16":8,"17":8,"18":24,"19":2,"20":14,"21":0,"22":4,"23":12,"24":3,"25":5},"b":{"0":[0,16],"1":[0,112],"2":[12,100],"3":[112,24],"4":[6,94],"5":[100,12],"6":[2,92],"7":[94,8],"8":[12,80],"9":[92,48],"10":[0,8],"11":[8,0],"12":[8,8],"13":[0,8],"14":[8,0],"15":[0,8],"16":[8,0],"17":[0,0],"18":[0,8],"19":[0,8],"20":[8,0],"21":[0,0],"22":[0,8],"23":[8,0],"24":[8,8],"25":[0,8],"26":[8,0],"27":[42,102],"28":[8,20],"29":[2,14],"30":[16,8],"31":[2,0],"32":[3,21],"33":[32,224],"34":[256,128],"35":[32,32],"36":[8,16],"37":[0,16],"38":[4,12],"39":[16,12],"40":[4,8],"41":[2,8],"42":[6,2],"43":[0,14],"44":[14,10],"45":[0,0],"46":[4,8]},"_coverageSchema":"1a1c01bbd47fc00a2c39e90264f33305004495a9","hash":"f87ab85a7d446b6cab4071ceb687f7c38490cdea"}
,"/Users/madelinechudy/Documents/GitHub/planarpuzzle/src/model/puzzle.js": {"path":"/Users/madelinechudy/Documents/GitHub/planarpuzzle/src/model/puzzle.js","statementMap":{"0":{"start":{"line":2,"column":0},"end":{"line":11,"column":1}},"1":{"start":{"line":14,"column":0},"end":{"line":25,"column":1}},"2":{"start":{"line":28,"column":0},"end":{"line":39,"column":1}}},"fnMap":{},"branchMap":{},"s":{"0":1,"1":1,"2":1},"f":{},"b":{},"_coverageSchema":"1a1c01bbd47fc00a2c39e90264f33305004495a9","hash":"ecfc406f007a6d9bf1994799695d4819213c72de"}
}
