TN:
SF:src/App.js
FN:13,App
FN:21,(anonymous_1)
FN:25,(anonymous_2)
FN:34,(anonymous_3)
FN:39,(anonymous_4)
FN:44,(anonymous_5)
FN:61,(anonymous_6)
FN:62,(anonymous_7)
FN:63,(anonymous_8)
FN:64,(anonymous_9)
FN:65,(anonymous_10)
FN:66,(anonymous_11)
FN:67,(anonymous_12)
FN:68,(anonymous_13)
FNF:14
FNH:5
FNDA:4,App
FNDA:4,(anonymous_1)
FNDA:1,(anonymous_2)
FNDA:1,(anonymous_3)
FNDA:0,(anonymous_4)
FNDA:0,(anonymous_5)
FNDA:0,(anonymous_6)
FNDA:0,(anonymous_7)
FNDA:0,(anonymous_8)
FNDA:0,(anonymous_9)
FNDA:1,(anonymous_10)
FNDA:0,(anonymous_11)
FNDA:0,(anonymous_12)
FNDA:0,(anonymous_13)
DA:11,1
DA:16,4
DA:18,4
DA:19,4
DA:21,4
DA:22,4
DA:25,4
DA:30,1
DA:31,1
DA:34,4
DA:35,1
DA:36,1
DA:39,4
DA:40,0
DA:41,0
DA:44,4
DA:45,0
DA:46,0
DA:49,4
DA:61,0
DA:62,0
DA:63,0
DA:64,0
DA:65,1
DA:66,0
DA:67,0
DA:68,0
LF:27
LH:16
BRDA:59,0,0,0
BRDA:59,0,1,4
BRF:2
BRH:1
end_of_record
TN:
SF:src/controller/controller.js
FN:4,selectSquare
FN:8,(anonymous_1)
FN:23,extendColor
FN:34,handlereset
FNF:4
FNH:3
FNDA:1,selectSquare
FNDA:1,(anonymous_1)
FNDA:2,extendColor
FNDA:0,handlereset
DA:5,1
DA:8,1
DA:9,1
DA:10,1
DA:13,1
DA:14,1
DA:15,1
DA:19,1
DA:20,1
DA:24,2
DA:25,2
DA:27,2
DA:28,2
DA:29,0
DA:31,2
DA:35,0
DA:36,0
LF:17
LH:14
BRDA:14,0,0,1
BRDA:14,0,1,0
BRDA:25,1,0,0
BRDA:25,1,1,2
BRDA:28,2,0,0
BRDA:28,2,1,2
BRF:6
BRH:3
end_of_record
TN:
SF:src/model/model.js
FN:2,(anonymous_0)
FN:12,(anonymous_1)
FN:17,(anonymous_2)
FN:21,(anonymous_3)
FN:27,(anonymous_4)
FN:33,(anonymous_5)
FN:34,(anonymous_6)
FN:37,(anonymous_7)
FN:41,(anonymous_8)
FN:46,(anonymous_9)
FN:54,(anonymous_10)
FN:85,(anonymous_11)
FN:143,(anonymous_12)
FN:156,(anonymous_13)
FN:169,(anonymous_14)
FN:186,(anonymous_15)
FN:203,(anonymous_16)
FN:208,(anonymous_17)
FN:252,(anonymous_18)
FN:263,(anonymous_19)
FN:275,(anonymous_20)
FN:294,(anonymous_21)
FN:298,(anonymous_22)
FN:302,(anonymous_23)
FN:310,(anonymous_24)
FN:322,(anonymous_25)
FNF:26
FNH:24
FNDA:152,(anonymous_0)
FNDA:88,(anonymous_1)
FNDA:2,(anonymous_2)
FNDA:4,(anonymous_3)
FNDA:11,(anonymous_4)
FNDA:8,(anonymous_5)
FNDA:64,(anonymous_6)
FNDA:3,(anonymous_7)
FNDA:0,(anonymous_8)
FNDA:16,(anonymous_9)
FNDA:14,(anonymous_10)
FNDA:8,(anonymous_11)
FNDA:18,(anonymous_12)
FNDA:12,(anonymous_13)
FNDA:2,(anonymous_14)
FNDA:3,(anonymous_15)
FNDA:8,(anonymous_16)
FNDA:8,(anonymous_17)
FNDA:24,(anonymous_18)
FNDA:2,(anonymous_19)
FNDA:14,(anonymous_20)
FNDA:0,(anonymous_21)
FNDA:4,(anonymous_22)
FNDA:12,(anonymous_23)
FNDA:3,(anonymous_24)
FNDA:5,(anonymous_25)
DA:3,152
DA:4,152
DA:5,152
DA:6,152
DA:7,152
DA:8,152
DA:13,88
DA:14,88
DA:18,2
DA:22,4
DA:28,11
DA:29,11
DA:30,11
DA:34,64
DA:38,3
DA:42,0
DA:47,16
DA:48,16
DA:49,0
DA:51,16
DA:56,14
DA:57,14
DA:58,14
DA:59,14
DA:60,14
DA:62,14
DA:63,112
DA:64,112
DA:65,112
DA:66,12
DA:67,12
DA:69,100
DA:70,6
DA:71,6
DA:73,94
DA:74,2
DA:75,2
DA:77,92
DA:78,12
DA:79,12
DA:82,14
DA:86,8
DA:87,8
DA:88,8
DA:90,8
DA:93,8
DA:94,8
DA:95,8
DA:96,8
DA:97,0
DA:100,8
DA:101,8
DA:105,8
DA:106,8
DA:107,0
DA:108,0
DA:109,0
DA:112,8
DA:113,0
DA:117,8
DA:118,8
DA:119,0
DA:120,0
DA:121,0
DA:124,8
DA:125,0
DA:129,8
DA:130,8
DA:131,8
DA:132,8
DA:133,0
DA:136,8
DA:137,8
DA:140,8
DA:144,18
DA:145,18
DA:146,18
DA:147,144
DA:148,144
DA:149,42
DA:152,18
DA:157,12
DA:158,12
DA:159,12
DA:160,28
DA:161,28
DA:162,8
DA:165,12
DA:171,2
DA:172,16
DA:173,16
DA:174,16
DA:176,16
DA:177,2
DA:178,2
DA:181,2
DA:182,2
DA:187,3
DA:188,3
DA:189,3
DA:190,24
DA:191,24
DA:192,24
DA:193,3
DA:196,3
DA:204,8
DA:205,8
DA:209,8
DA:210,8
DA:212,8
DA:213,8
DA:214,32
DA:216,8
DA:217,0
DA:221,8
DA:222,8
DA:224,16
DA:225,16
DA:227,64
DA:229,64
DA:230,256
DA:231,256
DA:232,32
DA:233,32
DA:236,64
DA:237,32
DA:239,64
DA:241,16
DA:245,8
DA:246,8
DA:247,8
DA:249,8
DA:254,24
DA:255,16
DA:256,16
DA:257,12
DA:259,8
DA:260,8
DA:264,2
DA:265,2
DA:266,2
DA:267,2
DA:268,10
DA:269,10
DA:270,2
DA:272,8
DA:273,6
DA:274,6
DA:275,14
DA:276,6
DA:278,6
DA:279,14
DA:280,14
DA:281,0
DA:282,0
DA:285,6
DA:288,0
DA:289,0
DA:290,0
DA:295,0
DA:299,4
DA:303,12
DA:304,12
DA:305,4
DA:307,12
DA:311,3
DA:312,3
DA:313,3
DA:314,3
DA:315,3
DA:316,3
DA:323,5
DA:324,5
DA:328,1
DA:329,1
DA:330,1
DA:331,1
DA:332,1
LF:178
LH:159
BRDA:48,0,0,0
BRDA:48,0,1,16
BRDA:64,1,0,0
BRDA:64,1,1,112
BRDA:65,2,0,12
BRDA:65,2,1,100
BRDA:65,3,0,112
BRDA:65,3,1,24
BRDA:69,4,0,6
BRDA:69,4,1,94
BRDA:69,5,0,100
BRDA:69,5,1,12
BRDA:73,6,0,2
BRDA:73,6,1,92
BRDA:73,7,0,94
BRDA:73,7,1,8
BRDA:77,8,0,12
BRDA:77,8,1,80
BRDA:77,9,0,92
BRDA:77,9,1,48
BRDA:90,10,0,0
BRDA:90,10,1,8
BRDA:94,11,0,8
BRDA:94,11,1,0
BRDA:94,12,0,8
BRDA:94,12,1,8
BRDA:96,13,0,0
BRDA:96,13,1,8
BRDA:100,14,0,8
BRDA:100,14,1,0
BRDA:106,15,0,0
BRDA:106,15,1,8
BRDA:106,16,0,8
BRDA:106,16,1,0
BRDA:108,17,0,0
BRDA:108,17,1,0
BRDA:112,18,0,0
BRDA:112,18,1,8
BRDA:118,19,0,0
BRDA:118,19,1,8
BRDA:118,20,0,8
BRDA:118,20,1,0
BRDA:120,21,0,0
BRDA:120,21,1,0
BRDA:124,22,0,0
BRDA:124,22,1,8
BRDA:130,23,0,8
BRDA:130,23,1,0
BRDA:130,24,0,8
BRDA:130,24,1,8
BRDA:132,25,0,0
BRDA:132,25,1,8
BRDA:136,26,0,8
BRDA:136,26,1,0
BRDA:148,27,0,42
BRDA:148,27,1,102
BRDA:161,28,0,8
BRDA:161,28,1,20
BRDA:176,29,0,2
BRDA:176,29,1,14
BRDA:176,30,0,16
BRDA:176,30,1,8
BRDA:181,31,0,2
BRDA:181,31,1,0
BRDA:192,32,0,3
BRDA:192,32,1,21
BRDA:231,33,0,32
BRDA:231,33,1,224
BRDA:231,34,0,256
BRDA:231,34,1,128
BRDA:236,35,0,32
BRDA:236,35,1,32
BRDA:254,36,0,8
BRDA:254,36,1,16
BRDA:255,37,0,0
BRDA:255,37,1,16
BRDA:256,38,0,4
BRDA:256,38,1,12
BRDA:256,39,0,16
BRDA:256,39,1,12
BRDA:257,40,0,4
BRDA:257,40,1,8
BRDA:269,41,0,2
BRDA:269,41,1,8
BRDA:272,42,0,6
BRDA:272,42,1,2
BRDA:280,43,0,0
BRDA:280,43,1,14
BRDA:280,44,0,14
BRDA:280,44,1,10
BRDA:288,45,0,0
BRDA:288,45,1,0
BRDA:304,46,0,4
BRDA:304,46,1,8
BRF:94
BRH:70
end_of_record
TN:
SF:src/model/puzzle.js
FNF:0
FNH:0
DA:2,1
DA:14,1
DA:28,1
LF:3
LH:3
BRF:0
BRH:0
end_of_record
